<?xml version="1.0" encoding="UTF-8"?>
<!-- Generated by org.testng.reporters.JUnitXMLReporter -->
<testsuite ignored="0" hostname="LAPTOP-V5KKSTCC" failures="0" tests="4" name="Default test" time="53.573" errors="0" timestamp="2023-09-14T22:14:05 IST">
  <testcase classname="com.facegenie.Facegenie" name="Login_TS_facegenie_001" time="18.211"/>
  <testcase classname="com.facegenie.Facegenie" name="Login_TS_facegenie_002" time="12.45"/>
  <testcase classname="com.facegenie.Facegenie" name="Login_TS_facegenie_003" time="11.784"/>
  <testcase classname="com.facegenie.Facegenie" name="Login_TS_facegenie_004" time="11.02"/>
</testsuite> <!-- Default test -->
